
### Monk Unarmed Damage
# STARTTABLE:Monk Unarmed Damage,
# Level,F,D,T,S,M,L,H,G,C,P
# NUMBER,DICE,DICE,DICE,DICE,DICE,DICE,DICE,DICE,DICE
# 1,1d1,1d2,1d3,1d4,1d6,1d8,2d6,3d6,4d6,4d6
# 4,1d2,1d3,1d4,1d6,1d8,2d6,3d6,4d6,6d6,6d6
# 8,1d3,1d4,1d6,1d8,1d10,2d8,3d8,4d8,6d8,6d8
# 12,1d4,1d6,1d8,1d10,2d6,3d6,4d6,6d6,8d6,8d6
# 16,1d6,1d8,1d10,2d6,2d8,3d8,4d8,6d8,8d8,8d8
# 20,1d8,1d10,2d6,2d8,2d10,4d8,6d8,8d8,12d8,12d8
# ENDTABLE:Monk Unarmed Damage,



# New Table
# STARTTABLE:Wizard Casting Table,
# ClassLevel,lv0,lv1,lv2,lv3,lv4,lv5,lv6,lv7,lv8,lv9
# NUMBER,NUMBER,NUMBER,NUMBER,NUMBER,NUMBER,NUMBER,NUMBER,NUMBER,NUMBER,NUMBER
# 1,3,1
# 2,4,2
# 3,4,2,1
# 4,4,3,2
# 5,4,3,2,1
# 6,4,3,3,2
# 7,4,4,3,2,1
# 8,4,4,3,3,2
# 9,4,4,4,3,2,1
# 10,4,4,4,3,3,2
# 11,4,4,4,4,3,2,1
# 12,4,4,4,4,3,3,2
# 13,4,4,4,4,4,3,2,1
# 14,4,4,4,4,4,3,3,2
# 15,4,4,4,4,4,4,3,2,1
# 16,4,4,4,4,4,4,3,3,2
# 17,4,4,4,4,4,4,4,3,2,1
# 18,4,4,4,4,4,4,4,3,3,2
# 19,4,4,4,4,4,4,4,4,3,3
# 20,4,4,4,4,4,4,4,4,4,4
# ENDTABLE:Wizard Casting Table,



