# SIZEMULT:F|0.125
# SIZEMULT:D|0.25
# SIZEMULT:T|0.5
# SIZEMULT:S|0.75
# SIZEMULT:L|2
# SIZEMULT:H|4
# SIZEMULT:G|8
# SIZEMULT:C|16
# 

STARTTABLE:Carrying Capacity,
LoadScore,Capacity
NUMBER,NUMBER
0,0
1,10
2,20
3,30
4,40
5,50
6,60
7,70
8,80
9,90
10,100
11,115
12,130
13,150
14,175
15,200
16,230
17,260
18,300
19,350
20,400
21,460
22,520
23,600
24,700
25,800
26,920
27,1040
28,1200
29,1400
ENDTABLE:Carrying Capacity,

# TODO: if code ever adds a "N/A" capability it should be used instead of the '1000' for Max Dex on Light Row
STARTTABLE:Carrying Loads,
Load,Check Penalty,Max Dex,Speed Type
STRING,NUMBER,NUMBER,STRING
Light,0,1000,Base
Medium,-3,3,Reduced
Heavy,-6,1,Reduced
Overload,-6,0,Overburdened
ENDTABLE:Carrying Loads,

